<?xml version="1.0" encoding="UTF-8"?>
<testsuite name="com.example.Tomorrow.TomorrowApplicationTests" tests="1" skipped="0" failures="0" errors="0" timestamp="2023-01-15T13:56:30" hostname="LeeSeongHyeonui-MacBookAir.local" time="0.157">
  <properties/>
  <testcase name="contextLoads()" classname="com.example.Tomorrow.TomorrowApplicationTests" time="0.157"/>
  <system-out><![CDATA[22:56:29.514 [Test worker] DEBUG org.springframework.test.context.BootstrapUtils - Instantiating CacheAwareContextLoaderDelegate from class [org.springframework.test.context.cache.DefaultCacheAwareContextLoaderDelegate]
22:56:29.521 [Test worker] DEBUG org.springframework.test.context.BootstrapUtils - Instantiating BootstrapContext using constructor [public org.springframework.test.context.support.DefaultBootstrapContext(java.lang.Class,org.springframework.test.context.CacheAwareContextLoaderDelegate)]
22:56:29.551 [Test worker] DEBUG org.springframework.test.context.BootstrapUtils - Instantiating TestContextBootstrapper for test class [com.example.Tomorrow.TomorrowApplicationTests] from class [org.springframework.boot.test.context.SpringBootTestContextBootstrapper]
22:56:29.557 [Test worker] INFO org.springframework.boot.test.context.SpringBootTestContextBootstrapper - Neither @ContextConfiguration nor @ContextHierarchy found for test class [com.example.Tomorrow.TomorrowApplicationTests], using SpringBootContextLoader
22:56:29.559 [Test worker] DEBUG org.springframework.test.context.support.AbstractContextLoader - Did not detect default resource location for test class [com.example.Tomorrow.TomorrowApplicationTests]: class path resource [com/example/Tomorrow/TomorrowApplicationTests-context.xml] does not exist
22:56:29.559 [Test worker] DEBUG org.springframework.test.context.support.AbstractContextLoader - Did not detect default resource location for test class [com.example.Tomorrow.TomorrowApplicationTests]: class path resource [com/example/Tomorrow/TomorrowApplicationTestsContext.groovy] does not exist
22:56:29.559 [Test worker] INFO org.springframework.test.context.support.AbstractContextLoader - Could not detect default resource locations for test class [com.example.Tomorrow.TomorrowApplicationTests]: no resource found for suffixes {-context.xml, Context.groovy}.
22:56:29.560 [Test worker] INFO org.springframework.test.context.support.AnnotationConfigContextLoaderUtils - Could not detect default configuration classes for test class [com.example.Tomorrow.TomorrowApplicationTests]: TomorrowApplicationTests does not declare any static, non-private, non-final, nested classes annotated with @Configuration.
22:56:29.581 [Test worker] DEBUG org.springframework.test.context.support.ActiveProfilesUtils - Could not find an 'annotation declaring class' for annotation type [org.springframework.test.context.ActiveProfiles] and class [com.example.Tomorrow.TomorrowApplicationTests]
22:56:29.607 [Test worker] DEBUG org.springframework.context.annotation.ClassPathScanningCandidateComponentProvider - Identified candidate component class: file [/Users/leeseonghyeon/Desktop/Tomorrow/build/classes/java/main/com/example/Tomorrow/TomorrowApplication.class]
22:56:29.607 [Test worker] INFO org.springframework.boot.test.context.SpringBootTestContextBootstrapper - Found @SpringBootConfiguration com.example.Tomorrow.TomorrowApplication for test class com.example.Tomorrow.TomorrowApplicationTests
22:56:29.643 [Test worker] DEBUG org.springframework.boot.test.context.SpringBootTestContextBootstrapper - @TestExecutionListeners is not present for class [com.example.Tomorrow.TomorrowApplicationTests]: using defaults.
22:56:29.644 [Test worker] INFO org.springframework.boot.test.context.SpringBootTestContextBootstrapper - Loaded default TestExecutionListener class names from location [META-INF/spring.factories]: [org.springframework.boot.test.autoconfigure.restdocs.RestDocsTestExecutionListener, org.springframework.boot.test.autoconfigure.web.client.MockRestServiceServerResetTestExecutionListener, org.springframework.boot.test.autoconfigure.web.servlet.MockMvcPrintOnlyOnFailureTestExecutionListener, org.springframework.boot.test.autoconfigure.web.servlet.WebDriverTestExecutionListener, org.springframework.boot.test.autoconfigure.webservices.client.MockWebServiceServerTestExecutionListener, org.springframework.boot.test.mock.mockito.MockitoTestExecutionListener, org.springframework.boot.test.mock.mockito.ResetMocksTestExecutionListener, org.springframework.test.context.web.ServletTestExecutionListener, org.springframework.test.context.support.DirtiesContextBeforeModesTestExecutionListener, org.springframework.test.context.event.ApplicationEventsTestExecutionListener, org.springframework.test.context.support.DependencyInjectionTestExecutionListener, org.springframework.test.context.support.DirtiesContextTestExecutionListener, org.springframework.test.context.transaction.TransactionalTestExecutionListener, org.springframework.test.context.jdbc.SqlScriptsTestExecutionListener, org.springframework.test.context.event.EventPublishingTestExecutionListener]
22:56:29.648 [Test worker] DEBUG org.springframework.boot.test.context.SpringBootTestContextBootstrapper - Skipping candidate TestExecutionListener [org.springframework.test.context.transaction.TransactionalTestExecutionListener] due to a missing dependency. Specify custom listener classes or make the default listener classes and their required dependencies available. Offending class: [org/springframework/transaction/interceptor/TransactionAttributeSource]
22:56:29.648 [Test worker] DEBUG org.springframework.boot.test.context.SpringBootTestContextBootstrapper - Skipping candidate TestExecutionListener [org.springframework.test.context.jdbc.SqlScriptsTestExecutionListener] due to a missing dependency. Specify custom listener classes or make the default listener classes and their required dependencies available. Offending class: [org/springframework/transaction/interceptor/TransactionAttribute]
22:56:29.648 [Test worker] INFO org.springframework.boot.test.context.SpringBootTestContextBootstrapper - Using TestExecutionListeners: [org.springframework.test.context.web.ServletTestExecutionListener@4ee37ca3, org.springframework.test.context.support.DirtiesContextBeforeModesTestExecutionListener@45c8d09f, org.springframework.test.context.event.ApplicationEventsTestExecutionListener@53812a9b, org.springframework.boot.test.mock.mockito.MockitoTestExecutionListener@14b030a0, org.springframework.boot.test.autoconfigure.SpringBootDependencyInjectionTestExecutionListener@41e350f1, org.springframework.test.context.support.DirtiesContextTestExecutionListener@422c3c7a, org.springframework.test.context.event.EventPublishingTestExecutionListener@18230356, org.springframework.boot.test.autoconfigure.restdocs.RestDocsTestExecutionListener@d8305c2, org.springframework.boot.test.autoconfigure.web.client.MockRestServiceServerResetTestExecutionListener@56bca85b, org.springframework.boot.test.autoconfigure.web.servlet.MockMvcPrintOnlyOnFailureTestExecutionListener@75d0911a, org.springframework.boot.test.autoconfigure.web.servlet.WebDriverTestExecutionListener@75e91545, org.springframework.boot.test.autoconfigure.webservices.client.MockWebServiceServerTestExecutionListener@60d1a32f, org.springframework.boot.test.mock.mockito.ResetMocksTestExecutionListener@531c311e]
22:56:29.650 [Test worker] DEBUG org.springframework.test.context.support.AbstractDirtiesContextTestExecutionListener - Before test class: context [DefaultTestContext@5c3b6c6e testClass = TomorrowApplicationTests, testInstance = [null], testMethod = [null], testException = [null], mergedContextConfiguration = [WebMergedContextConfiguration@4fbda97b testClass = TomorrowApplicationTests, locations = '{}', classes = '{class com.example.Tomorrow.TomorrowApplication}', contextInitializerClasses = '[]', activeProfiles = '{}', propertySourceLocations = '{}', propertySourceProperties = '{org.springframework.boot.test.context.SpringBootTestContextBootstrapper=true}', contextCustomizers = set[org.springframework.boot.test.autoconfigure.actuate.metrics.MetricsExportContextCustomizerFactory$DisableMetricExportContextCustomizer@6c2ed0cd, org.springframework.boot.test.autoconfigure.properties.PropertyMappingContextCustomizer@0, org.springframework.boot.test.autoconfigure.web.servlet.WebDriverContextCustomizerFactory$Customizer@291f18, org.springframework.boot.test.context.filter.ExcludeFilterContextCustomizer@d771cc9, org.springframework.boot.test.json.DuplicateJsonObjectContextCustomizerFactory$DuplicateJsonObjectContextCustomizer@1583741e, org.springframework.boot.test.mock.mockito.MockitoContextCustomizer@0, org.springframework.boot.test.web.client.TestRestTemplateContextCustomizer@1fb669c3, org.springframework.boot.test.context.SpringBootTestArgs@1, org.springframework.boot.test.context.SpringBootTestWebEnvironment@6a2f6f80], resourceBasePath = 'src/main/webapp', contextLoader = 'org.springframework.boot.test.context.SpringBootContextLoader', parent = [null]], attributes = map['org.springframework.test.context.web.ServletTestExecutionListener.activateListener' -> true]], class annotated with @DirtiesContext [false] with mode [null].

  .   ____          _            __ _ _
 /\\ / ___'_ __ _ _(_)_ __  __ _ \ \ \ \
( ( )\___ | '_ | '_| | '_ \/ _` | \ \ \ \
 \\/  ___)| |_)| | | | | || (_| |  ) ) ) )
  '  |____| .__|_| |_|_| |_\__, | / / / /
 =========|_|==============|___/=/_/_/_/
 :: Spring Boot ::                (v2.7.7)

2023-01-15 22:56:29.782  INFO 83311 --- [    Test worker] c.e.Tomorrow.TomorrowApplicationTests    : Starting TomorrowApplicationTests using Java 17.0.5 on LeeSeongHyeonui-MacBookAir.local with PID 83311 (started by leeseonghyeon in /Users/leeseonghyeon/Desktop/Tomorrow)
2023-01-15 22:56:29.782  INFO 83311 --- [    Test worker] c.e.Tomorrow.TomorrowApplicationTests    : No active profile set, falling back to 1 default profile: "default"
2023-01-15 22:56:30.329  INFO 83311 --- [    Test worker] c.e.Tomorrow.TomorrowApplicationTests    : Started TomorrowApplicationTests in 0.662 seconds (JVM running for 1.171)
]]></system-out>
  <system-err><![CDATA[]]></system-err>
</testsuite>
